{"C:\\Users\\lilyt\\Desktop\\rest_api_node_ts_server\\src\\route.ts": {"path":"C:\\Users\\lilyt\\Desktop\\rest_api_node_ts_server\\src\\route.ts","statementMap":{"0":{"start":{"line":1,"column":0},"end":{"line":1,"column":32}},"1":{"start":{"line":2,"column":0},"end":{"line":2,"column":46}},"2":{"start":{"line":3,"column":0},"end":{"line":3,"column":130}},"3":{"start":{"line":4,"column":0},"end":{"line":4,"column":48}},"4":{"start":{"line":7,"column":15},"end":{"line":7,"column":23}},"5":{"start":{"line":9,"column":0},"end":{"line":9,"column":null}},"6":{"start":{"line":10,"column":0},"end":{"line":14,"column":null}},"7":{"start":{"line":16,"column":1},"end":{"line":26,"column":null}},"8":{"start":{"line":23,"column":26},"end":{"line":23,"column":35}},"9":{"start":{"line":29,"column":1},"end":{"line":40,"column":null}},"10":{"start":{"line":36,"column":25},"end":{"line":36,"column":34}},"11":{"start":{"line":43,"column":2},"end":{"line":47,"column":null}},"12":{"start":{"line":50,"column":2},"end":{"line":54,"column":null}},"13":{"start":{"line":56,"column":2},"end":{"line":56,"column":null}}},"fnMap":{"0":{"name":"(anonymous_0)","decl":{"start":{"line":23,"column":17},"end":{"line":23,"column":22}},"loc":{"start":{"line":23,"column":26},"end":{"line":23,"column":35}}},"1":{"name":"(anonymous_1)","decl":{"start":{"line":36,"column":16},"end":{"line":36,"column":21}},"loc":{"start":{"line":36,"column":25},"end":{"line":36,"column":34}}}},"branchMap":{},"s":{"0":2,"1":2,"2":2,"3":2,"4":2,"5":2,"6":2,"7":2,"8":4,"9":2,"10":5,"11":2,"12":2,"13":2},"f":{"0":4,"1":5},"b":{}}
,"C:\\Users\\lilyt\\Desktop\\rest_api_node_ts_server\\src\\server.ts": {"path":"C:\\Users\\lilyt\\Desktop\\rest_api_node_ts_server\\src\\server.ts","statementMap":{"0":{"start":{"line":1,"column":0},"end":{"line":1,"column":29}},"1":{"start":{"line":2,"column":0},"end":{"line":2,"column":27}},"2":{"start":{"line":3,"column":0},"end":{"line":3,"column":28}},"3":{"start":{"line":4,"column":0},"end":{"line":4,"column":28}},"4":{"start":{"line":8,"column":4},"end":{"line":16,"column":null}},"5":{"start":{"line":9,"column":7},"end":{"line":9,"column":null}},"6":{"start":{"line":10,"column":7},"end":{"line":10,"column":null}},"7":{"start":{"line":15,"column":8},"end":{"line":15,"column":null}},"8":{"start":{"line":18,"column":0},"end":{"line":18,"column":null}},"9":{"start":{"line":21,"column":15},"end":{"line":21,"column":24}},"10":{"start":{"line":24,"column":0},"end":{"line":24,"column":null}},"11":{"start":{"line":27,"column":0},"end":{"line":27,"column":null}},"12":{"start":{"line":29,"column":0},"end":{"line":31,"column":null}},"13":{"start":{"line":30,"column":4},"end":{"line":30,"column":null}},"14":{"start":{"line":34,"column":0},"end":{"line":34,"column":null}}},"fnMap":{"0":{"name":"connectDB","decl":{"start":{"line":7,"column":15},"end":{"line":7,"column":24}},"loc":{"start":{"line":7,"column":24},"end":{"line":17,"column":1}}},"1":{"name":"(anonymous_2)","decl":{"start":{"line":29,"column":19},"end":{"line":29,"column":20}},"loc":{"start":{"line":29,"column":32},"end":{"line":31,"column":1}}}},"branchMap":{},"s":{"0":2,"1":2,"2":2,"3":2,"4":2,"5":2,"6":1,"7":0,"8":2,"9":2,"10":2,"11":2,"12":2,"13":1,"14":2},"f":{"0":2,"1":1},"b":{}}
,"C:\\Users\\lilyt\\Desktop\\rest_api_node_ts_server\\src\\config\\db.ts": {"path":"C:\\Users\\lilyt\\Desktop\\rest_api_node_ts_server\\src\\config\\db.ts","statementMap":{"0":{"start":{"line":1,"column":0},"end":{"line":1,"column":48}},"1":{"start":{"line":2,"column":0},"end":{"line":2,"column":27}},"2":{"start":{"line":3,"column":0},"end":{"line":3,"column":null}},"3":{"start":{"line":5,"column":11},"end":{"line":8,"column":null}},"4":{"start":{"line":11,"column":0},"end":{"line":11,"column":null}}},"fnMap":{},"branchMap":{},"s":{"0":2,"1":2,"2":2,"3":2,"4":2},"f":{},"b":{}}
,"C:\\Users\\lilyt\\Desktop\\rest_api_node_ts_server\\src\\handers\\product.ts": {"path":"C:\\Users\\lilyt\\Desktop\\rest_api_node_ts_server\\src\\handers\\product.ts","statementMap":{"0":{"start":{"line":2,"column":0},"end":{"line":2,"column":45}},"1":{"start":{"line":4,"column":27},"end":{"line":15,"column":1}},"2":{"start":{"line":5,"column":4},"end":{"line":14,"column":null}},"3":{"start":{"line":6,"column":24},"end":{"line":10,"column":9}},"4":{"start":{"line":11,"column":7},"end":{"line":11,"column":null}},"5":{"start":{"line":13,"column":8},"end":{"line":13,"column":null}},"6":{"start":{"line":4,"column":13},"end":{"line":4,"column":27}},"7":{"start":{"line":17,"column":31},"end":{"line":27,"column":1}},"8":{"start":{"line":18,"column":18},"end":{"line":18,"column":28}},"9":{"start":{"line":19,"column":19},"end":{"line":19,"column":45}},"10":{"start":{"line":21,"column":3},"end":{"line":25,"column":null}},"11":{"start":{"line":22,"column":5},"end":{"line":24,"column":null}},"12":{"start":{"line":26,"column":3},"end":{"line":26,"column":null}},"13":{"start":{"line":17,"column":13},"end":{"line":17,"column":31}},"14":{"start":{"line":29,"column":29},"end":{"line":32,"column":1}},"15":{"start":{"line":30,"column":19},"end":{"line":30,"column":49}},"16":{"start":{"line":31,"column":3},"end":{"line":31,"column":null}},"17":{"start":{"line":29,"column":13},"end":{"line":29,"column":29}},"18":{"start":{"line":34,"column":33},"end":{"line":49,"column":5}},"19":{"start":{"line":35,"column":22},"end":{"line":35,"column":32}},"20":{"start":{"line":36,"column":25},"end":{"line":36,"column":51}},"21":{"start":{"line":39,"column":9},"end":{"line":43,"column":null}},"22":{"start":{"line":40,"column":12},"end":{"line":42,"column":null}},"23":{"start":{"line":46,"column":9},"end":{"line":46,"column":null}},"24":{"start":{"line":47,"column":9},"end":{"line":47,"column":null}},"25":{"start":{"line":48,"column":9},"end":{"line":48,"column":null}},"26":{"start":{"line":34,"column":17},"end":{"line":34,"column":33}},"27":{"start":{"line":51,"column":39},"end":{"line":66,"column":5}},"28":{"start":{"line":52,"column":22},"end":{"line":52,"column":32}},"29":{"start":{"line":53,"column":25},"end":{"line":53,"column":51}},"30":{"start":{"line":55,"column":9},"end":{"line":59,"column":null}},"31":{"start":{"line":56,"column":12},"end":{"line":58,"column":null}},"32":{"start":{"line":61,"column":9},"end":{"line":61,"column":null}},"33":{"start":{"line":62,"column":9},"end":{"line":62,"column":null}},"34":{"start":{"line":64,"column":9},"end":{"line":64,"column":null}},"35":{"start":{"line":51,"column":17},"end":{"line":51,"column":39}},"36":{"start":{"line":70,"column":33},"end":{"line":81,"column":5}},"37":{"start":{"line":71,"column":20},"end":{"line":71,"column":30}},"38":{"start":{"line":72,"column":23},"end":{"line":72,"column":49}},"39":{"start":{"line":74,"column":7},"end":{"line":78,"column":null}},"40":{"start":{"line":75,"column":9},"end":{"line":77,"column":null}},"41":{"start":{"line":79,"column":7},"end":{"line":79,"column":null}},"42":{"start":{"line":80,"column":7},"end":{"line":80,"column":null}},"43":{"start":{"line":70,"column":17},"end":{"line":70,"column":33}}},"fnMap":{"0":{"name":"(anonymous_1)","decl":{"start":{"line":4,"column":27},"end":{"line":4,"column":32}},"loc":{"start":{"line":4,"column":65},"end":{"line":15,"column":1}}},"1":{"name":"(anonymous_2)","decl":{"start":{"line":17,"column":31},"end":{"line":17,"column":36}},"loc":{"start":{"line":17,"column":69},"end":{"line":27,"column":1}}},"2":{"name":"(anonymous_3)","decl":{"start":{"line":29,"column":29},"end":{"line":29,"column":34}},"loc":{"start":{"line":29,"column":69},"end":{"line":32,"column":1}}},"3":{"name":"(anonymous_4)","decl":{"start":{"line":34,"column":33},"end":{"line":34,"column":38}},"loc":{"start":{"line":34,"column":71},"end":{"line":49,"column":5}}},"4":{"name":"(anonymous_5)","decl":{"start":{"line":51,"column":39},"end":{"line":51,"column":44}},"loc":{"start":{"line":51,"column":76},"end":{"line":66,"column":5}}},"5":{"name":"(anonymous_6)","decl":{"start":{"line":70,"column":33},"end":{"line":70,"column":38}},"loc":{"start":{"line":70,"column":71},"end":{"line":81,"column":5}}}},"branchMap":{"0":{"loc":{"start":{"line":21,"column":3},"end":{"line":25,"column":null}},"type":"if","locations":[{"start":{"line":21,"column":3},"end":{"line":25,"column":null}}]},"1":{"loc":{"start":{"line":39,"column":9},"end":{"line":43,"column":null}},"type":"if","locations":[{"start":{"line":39,"column":9},"end":{"line":43,"column":null}}]},"2":{"loc":{"start":{"line":55,"column":9},"end":{"line":59,"column":null}},"type":"if","locations":[{"start":{"line":55,"column":9},"end":{"line":59,"column":null}}]},"3":{"loc":{"start":{"line":74,"column":7},"end":{"line":78,"column":null}},"type":"if","locations":[{"start":{"line":74,"column":7},"end":{"line":78,"column":null}}]}},"s":{"0":2,"1":2,"2":2,"3":2,"4":2,"5":0,"6":2,"7":2,"8":2,"9":2,"10":2,"11":1,"12":1,"13":2,"14":2,"15":1,"16":1,"17":2,"18":2,"19":2,"20":2,"21":2,"22":1,"23":1,"24":1,"25":1,"26":2,"27":2,"28":0,"29":0,"30":0,"31":0,"32":0,"33":0,"34":0,"35":2,"36":2,"37":2,"38":2,"39":2,"40":1,"41":1,"42":1,"43":2},"f":{"0":2,"1":2,"2":1,"3":2,"4":0,"5":2},"b":{"0":[1],"1":[1],"2":[0],"3":[1]}}
,"C:\\Users\\lilyt\\Desktop\\rest_api_node_ts_server\\src\\middleware\\index.ts": {"path":"C:\\Users\\lilyt\\Desktop\\rest_api_node_ts_server\\src\\middleware\\index.ts","statementMap":{"0":{"start":{"line":2,"column":0},"end":{"line":2,"column":52}},"1":{"start":{"line":4,"column":33},"end":{"line":12,"column":1}},"2":{"start":{"line":6,"column":17},"end":{"line":6,"column":38}},"3":{"start":{"line":7,"column":4},"end":{"line":9,"column":null}},"4":{"start":{"line":8,"column":5},"end":{"line":8,"column":null}},"5":{"start":{"line":11,"column":4},"end":{"line":11,"column":null}},"6":{"start":{"line":4,"column":13},"end":{"line":4,"column":33}}},"fnMap":{"0":{"name":"(anonymous_0)","decl":{"start":{"line":4,"column":33},"end":{"line":4,"column":34}},"loc":{"start":{"line":4,"column":52},"end":{"line":12,"column":1}}}},"branchMap":{"0":{"loc":{"start":{"line":7,"column":4},"end":{"line":9,"column":null}},"type":"if","locations":[{"start":{"line":7,"column":4},"end":{"line":9,"column":null}}]}},"s":{"0":2,"1":2,"2":15,"3":15,"4":8,"5":7,"6":2},"f":{"0":15},"b":{"0":[8]}}
,"C:\\Users\\lilyt\\Desktop\\rest_api_node_ts_server\\src\\models\\Product.model.ts": {"path":"C:\\Users\\lilyt\\Desktop\\rest_api_node_ts_server\\src\\models\\Product.model.ts","statementMap":{"0":{"start":{"line":1,"column":0},"end":{"line":1,"column":78}},"1":{"start":{"line":7,"column":0},"end":{"line":23,"column":null}},"2":{"start":{"line":11,"column":12},"end":{"line":11,"column":null}},"3":{"start":{"line":16,"column":12},"end":{"line":16,"column":null}},"4":{"start":{"line":22,"column":12},"end":{"line":22,"column":null}},"5":{"start":{"line":7,"column":6},"end":{"line":23,"column":null}},"6":{"start":{"line":25,"column":0},"end":{"line":25,"column":null}}},"fnMap":{},"branchMap":{},"s":{"0":2,"1":2,"2":2,"3":2,"4":2,"5":2,"6":2},"f":{},"b":{}}
}
